[0.837s] DEBUG:colcon:Command line arguments: ['/usr/bin/colcon', 'list', '-p', '--base-paths', '/home/ayush/ros2_ws', '--log-base', '/dev/null']
[0.840s] DEBUG:colcon:Parsed command line arguments: Namespace(log_base=None, log_level=None, verb_name='list', build_base='build', ignore_user_meta=False, metas=['./colcon.meta'], base_paths=['/home/ayush/ros2_ws', '--log-base', '/dev/null'], packages_ignore=None, packages_ignore_regex=None, paths=None, packages_up_to=None, packages_up_to_regex=None, packages_above=None, packages_above_and_dependencies=None, packages_above_depth=None, packages_select_by_dep=None, packages_skip_by_dep=None, packages_skip_up_to=None, packages_select_build_failed=False, packages_skip_build_finished=False, packages_select_test_failures=False, packages_skip_test_passed=False, packages_select=None, packages_skip=None, packages_select_regex=None, packages_skip_regex=None, packages_start=None, packages_end=None, allow_overriding=[], topological_order=False, names_only=False, paths_only=True, topological_graph=False, topological_graph_dot=False, topological_graph_density=False, topological_graph_legend=False, topological_graph_dot_cluster=False, topological_graph_dot_include_skipped=False, verb_parser=<colcon_defaults.argument_parser.defaults.DefaultArgumentsDecorator object at 0x7d80b87645b0>, verb_extension=<colcon_package_information.verb.list.ListVerb object at 0x7d80b8878e50>, main=<bound method ListVerb.main of <colcon_package_information.verb.list.ListVerb object at 0x7d80b8878e50>>)
[2.647s] Level 1:colcon.colcon_core.package_discovery:discover_packages(colcon_meta) check parameters
[2.651s] Level 1:colcon.colcon_core.package_discovery:discover_packages(recursive) check parameters
[2.651s] Level 1:colcon.colcon_core.package_discovery:discover_packages(ignore) check parameters
[2.653s] Level 1:colcon.colcon_core.package_discovery:discover_packages(path) check parameters
[2.653s] Level 1:colcon.colcon_core.package_discovery:discover_packages(recursive) discover
[2.654s] INFO:colcon.colcon_core.package_discovery:Crawling recursively for packages in '/home/ayush/ros2_ws', '/home/ayush/ros2_ws/--log-base', '/dev/null'
[2.654s] Level 1:colcon.colcon_core.package_identification:_identify(/home/ayush/ros2_ws) by extensions ['ignore', 'ignore_ament_install']
[2.654s] Level 1:colcon.colcon_core.package_identification:_identify(/home/ayush/ros2_ws) by extension 'ignore'
[2.658s] Level 1:colcon.colcon_core.package_identification:_identify(/home/ayush/ros2_ws) by extension 'ignore_ament_install'
[2.658s] Level 1:colcon.colcon_core.package_identification:_identify(/home/ayush/ros2_ws) by extensions ['colcon_pkg']
[2.663s] Level 1:colcon.colcon_core.package_identification:_identify(/home/ayush/ros2_ws) by extension 'colcon_pkg'
[2.663s] Level 1:colcon.colcon_core.package_identification:_identify(/home/ayush/ros2_ws) by extensions ['colcon_meta']
[2.663s] Level 1:colcon.colcon_core.package_identification:_identify(/home/ayush/ros2_ws) by extension 'colcon_meta'
[2.663s] Level 1:colcon.colcon_core.package_identification:_identify(/home/ayush/ros2_ws) by extensions ['ros']
[2.663s] Level 1:colcon.colcon_core.package_identification:_identify(/home/ayush/ros2_ws) by extension 'ros'
[2.806s] Level 1:colcon.colcon_core.package_identification:_identify(/home/ayush/ros2_ws) by extensions ['cmake', 'python']
[2.806s] Level 1:colcon.colcon_core.package_identification:_identify(/home/ayush/ros2_ws) by extension 'cmake'
[2.806s] Level 1:colcon.colcon_core.package_identification:_identify(/home/ayush/ros2_ws) by extension 'python'
[2.812s] Level 1:colcon.colcon_core.package_identification:_identify(/home/ayush/ros2_ws) by extensions ['python_setup_py']
[2.813s] Level 1:colcon.colcon_core.package_identification:_identify(/home/ayush/ros2_ws) by extension 'python_setup_py'
[2.823s] Level 1:colcon.colcon_core.package_identification:_identify(/home/ayush/ros2_ws/build) by extensions ['ignore', 'ignore_ament_install']
[2.824s] Level 1:colcon.colcon_core.package_identification:_identify(/home/ayush/ros2_ws/build) by extension 'ignore'
[2.824s] Level 1:colcon.colcon_core.package_identification:_identify(/home/ayush/ros2_ws/build) ignored
[2.824s] Level 1:colcon.colcon_core.package_identification:_identify(/home/ayush/ros2_ws/install) by extensions ['ignore', 'ignore_ament_install']
[2.824s] Level 1:colcon.colcon_core.package_identification:_identify(/home/ayush/ros2_ws/install) by extension 'ignore'
[2.824s] Level 1:colcon.colcon_core.package_identification:_identify(/home/ayush/ros2_ws/install) ignored
[2.825s] Level 1:colcon.colcon_core.package_identification:_identify(/home/ayush/ros2_ws/log) by extensions ['ignore', 'ignore_ament_install']
[2.825s] Level 1:colcon.colcon_core.package_identification:_identify(/home/ayush/ros2_ws/log) by extension 'ignore'
[2.825s] Level 1:colcon.colcon_core.package_identification:_identify(/home/ayush/ros2_ws/log) ignored
[2.826s] Level 1:colcon.colcon_core.package_identification:_identify(/home/ayush/ros2_ws/src) by extensions ['ignore', 'ignore_ament_install']
[2.826s] Level 1:colcon.colcon_core.package_identification:_identify(/home/ayush/ros2_ws/src) by extension 'ignore'
[2.830s] Level 1:colcon.colcon_core.package_identification:_identify(/home/ayush/ros2_ws/src) by extension 'ignore_ament_install'
[2.830s] Level 1:colcon.colcon_core.package_identification:_identify(/home/ayush/ros2_ws/src) by extensions ['colcon_pkg']
[2.830s] Level 1:colcon.colcon_core.package_identification:_identify(/home/ayush/ros2_ws/src) by extension 'colcon_pkg'
[2.830s] Level 1:colcon.colcon_core.package_identification:_identify(/home/ayush/ros2_ws/src) by extensions ['colcon_meta']
[2.830s] Level 1:colcon.colcon_core.package_identification:_identify(/home/ayush/ros2_ws/src) by extension 'colcon_meta'
[2.834s] Level 1:colcon.colcon_core.package_identification:_identify(/home/ayush/ros2_ws/src) by extensions ['ros']
[2.834s] Level 1:colcon.colcon_core.package_identification:_identify(/home/ayush/ros2_ws/src) by extension 'ros'
[2.834s] Level 1:colcon.colcon_core.package_identification:_identify(/home/ayush/ros2_ws/src) by extensions ['cmake', 'python']
[2.834s] Level 1:colcon.colcon_core.package_identification:_identify(/home/ayush/ros2_ws/src) by extension 'cmake'
[2.835s] Level 1:colcon.colcon_core.package_identification:_identify(/home/ayush/ros2_ws/src) by extension 'python'
[2.835s] Level 1:colcon.colcon_core.package_identification:_identify(/home/ayush/ros2_ws/src) by extensions ['python_setup_py']
[2.835s] Level 1:colcon.colcon_core.package_identification:_identify(/home/ayush/ros2_ws/src) by extension 'python_setup_py'
[2.836s] Level 1:colcon.colcon_core.package_identification:_identify(/home/ayush/ros2_ws/src/log) by extensions ['ignore', 'ignore_ament_install']
[2.836s] Level 1:colcon.colcon_core.package_identification:_identify(/home/ayush/ros2_ws/src/log) by extension 'ignore'
[2.836s] Level 1:colcon.colcon_core.package_identification:_identify(/home/ayush/ros2_ws/src/log) ignored
[2.839s] Level 1:colcon.colcon_core.package_identification:_identify(/home/ayush/ros2_ws/src/my_robot_controller) by extensions ['ignore', 'ignore_ament_install']
[2.839s] Level 1:colcon.colcon_core.package_identification:_identify(/home/ayush/ros2_ws/src/my_robot_controller) by extension 'ignore'
[2.839s] Level 1:colcon.colcon_core.package_identification:_identify(/home/ayush/ros2_ws/src/my_robot_controller) by extension 'ignore_ament_install'
[2.839s] Level 1:colcon.colcon_core.package_identification:_identify(/home/ayush/ros2_ws/src/my_robot_controller) by extensions ['colcon_pkg']
[2.839s] Level 1:colcon.colcon_core.package_identification:_identify(/home/ayush/ros2_ws/src/my_robot_controller) by extension 'colcon_pkg'
[2.839s] Level 1:colcon.colcon_core.package_identification:_identify(/home/ayush/ros2_ws/src/my_robot_controller) by extensions ['colcon_meta']
[2.839s] Level 1:colcon.colcon_core.package_identification:_identify(/home/ayush/ros2_ws/src/my_robot_controller) by extension 'colcon_meta'
[2.841s] Level 1:colcon.colcon_core.package_identification:_identify(/home/ayush/ros2_ws/src/my_robot_controller) by extensions ['ros']
[2.841s] Level 1:colcon.colcon_core.package_identification:_identify(/home/ayush/ros2_ws/src/my_robot_controller) by extension 'ros'
[2.861s] DEBUG:colcon.colcon_core.package_identification:Package '/home/ayush/ros2_ws/src/my_robot_controller' with type 'ros.ament_python' and name 'my_robot_controller'
[2.862s] Level 1:colcon.colcon_core.package_discovery:discover_packages(recursive) using defaults
