[0.797s] Invoking command in '/home/ayush/ros2_ws/src/my_robot_controller': PYTHONPATH=/home/ayush/ros2_ws/build/my_robot_controller/prefix_override:/usr/lib/python3/dist-packages/colcon_core/task/python/colcon_distutils_commands:/home/ayush/ros2_ws/install/my_robot_controller/lib/python3.10/site-packages:${PYTHONPATH} /usr/bin/python3 -W ignore:setup.py install is deprecated -W ignore:easy_install command is deprecated setup.py egg_info --egg-base ../../build/my_robot_controller build --build-base /home/ayush/ros2_ws/build/my_robot_controller/build install --record /home/ayush/ros2_ws/build/my_robot_controller/install.log --single-version-externally-managed install_data
[1.185s] running egg_info
[1.186s] writing ../../build/my_robot_controller/my_robot_controller.egg-info/PKG-INFO
[1.188s] writing dependency_links to ../../build/my_robot_controller/my_robot_controller.egg-info/dependency_links.txt
[1.188s] writing entry points to ../../build/my_robot_controller/my_robot_controller.egg-info/entry_points.txt
[1.188s] writing requirements to ../../build/my_robot_controller/my_robot_controller.egg-info/requires.txt
[1.189s] writing top-level names to ../../build/my_robot_controller/my_robot_controller.egg-info/top_level.txt
[1.192s] reading manifest file '../../build/my_robot_controller/my_robot_controller.egg-info/SOURCES.txt'
[1.194s] writing manifest file '../../build/my_robot_controller/my_robot_controller.egg-info/SOURCES.txt'
[1.194s] running build
[1.194s] running build_py
[1.195s] running install
[1.195s] running install_lib
[1.197s] running install_data
[1.198s] running install_egg_info
[1.200s] removing '/home/ayush/ros2_ws/install/my_robot_controller/lib/python3.10/site-packages/my_robot_controller-0.0.0-py3.10.egg-info' (and everything under it)
[1.202s] Copying ../../build/my_robot_controller/my_robot_controller.egg-info to /home/ayush/ros2_ws/install/my_robot_controller/lib/python3.10/site-packages/my_robot_controller-0.0.0-py3.10.egg-info
[1.205s] running install_scripts
[1.235s] Installing test_node script to /home/ayush/ros2_ws/install/my_robot_controller/lib/my_robot_controller
[1.236s] writing list of installed files to '/home/ayush/ros2_ws/build/my_robot_controller/install.log'
[1.271s] Invoked command in '/home/ayush/ros2_ws/src/my_robot_controller' returned '0': PYTHONPATH=/home/ayush/ros2_ws/build/my_robot_controller/prefix_override:/usr/lib/python3/dist-packages/colcon_core/task/python/colcon_distutils_commands:/home/ayush/ros2_ws/install/my_robot_controller/lib/python3.10/site-packages:${PYTHONPATH} /usr/bin/python3 -W ignore:setup.py install is deprecated -W ignore:easy_install command is deprecated setup.py egg_info --egg-base ../../build/my_robot_controller build --build-base /home/ayush/ros2_ws/build/my_robot_controller/build install --record /home/ayush/ros2_ws/build/my_robot_controller/install.log --single-version-externally-managed install_data
