[1.194s] Invoking command in '/home/ayush/ros2_ws/src/my_robot_controller': PYTHONPATH=/home/ayush/ros2_ws/build/my_robot_controller/prefix_override:/usr/lib/python3/dist-packages/colcon_core/task/python/colcon_distutils_commands:/home/ayush/ros2_ws/install/my_robot_controller/lib/python3.10/site-packages:${PYTHONPATH} /usr/bin/python3 -W ignore:setup.py install is deprecated -W ignore:easy_install command is deprecated setup.py egg_info --egg-base ../../build/my_robot_controller build --build-base /home/ayush/ros2_ws/build/my_robot_controller/build install --record /home/ayush/ros2_ws/build/my_robot_controller/install.log --single-version-externally-managed install_data
[1.598s] running egg_info
[1.599s] writing ../../build/my_robot_controller/my_robot_controller.egg-info/PKG-INFO
[1.618s] writing dependency_links to ../../build/my_robot_controller/my_robot_controller.egg-info/dependency_links.txt
[1.619s] writing entry points to ../../build/my_robot_controller/my_robot_controller.egg-info/entry_points.txt
[1.620s] writing requirements to ../../build/my_robot_controller/my_robot_controller.egg-info/requires.txt
[1.621s] writing top-level names to ../../build/my_robot_controller/my_robot_controller.egg-info/top_level.txt
[1.634s] reading manifest file '../../build/my_robot_controller/my_robot_controller.egg-info/SOURCES.txt'
[1.643s] writing manifest file '../../build/my_robot_controller/my_robot_controller.egg-info/SOURCES.txt'
[1.651s] running build
[1.651s] running build_py
[1.656s] copying my_robot_controller/my_first_node.py -> /home/ayush/ros2_ws/build/my_robot_controller/build/lib/my_robot_controller
[1.656s] running install
[1.657s] running install_lib
[1.659s] copying /home/ayush/ros2_ws/build/my_robot_controller/build/lib/my_robot_controller/my_first_node.py -> /home/ayush/ros2_ws/install/my_robot_controller/lib/python3.10/site-packages/my_robot_controller
[1.661s] byte-compiling /home/ayush/ros2_ws/install/my_robot_controller/lib/python3.10/site-packages/my_robot_controller/my_first_node.py to my_first_node.cpython-310.pyc
[1.662s] running install_data
[1.664s] running install_egg_info
[1.667s] removing '/home/ayush/ros2_ws/install/my_robot_controller/lib/python3.10/site-packages/my_robot_controller-0.0.0-py3.10.egg-info' (and everything under it)
[1.667s] Copying ../../build/my_robot_controller/my_robot_controller.egg-info to /home/ayush/ros2_ws/install/my_robot_controller/lib/python3.10/site-packages/my_robot_controller-0.0.0-py3.10.egg-info
[1.671s] running install_scripts
[1.711s] Installing test_node script to /home/ayush/ros2_ws/install/my_robot_controller/lib/my_robot_controller
[1.712s] writing list of installed files to '/home/ayush/ros2_ws/build/my_robot_controller/install.log'
[1.754s] Invoked command in '/home/ayush/ros2_ws/src/my_robot_controller' returned '0': PYTHONPATH=/home/ayush/ros2_ws/build/my_robot_controller/prefix_override:/usr/lib/python3/dist-packages/colcon_core/task/python/colcon_distutils_commands:/home/ayush/ros2_ws/install/my_robot_controller/lib/python3.10/site-packages:${PYTHONPATH} /usr/bin/python3 -W ignore:setup.py install is deprecated -W ignore:easy_install command is deprecated setup.py egg_info --egg-base ../../build/my_robot_controller build --build-base /home/ayush/ros2_ws/build/my_robot_controller/build install --record /home/ayush/ros2_ws/build/my_robot_controller/install.log --single-version-externally-managed install_data
