[0.913s] Invoking command in '/home/ayush/ros2_ws/build/my_robot_controller': PYTHONPATH=/home/ayush/ros2_ws/build/my_robot_controller/prefix_override:/usr/lib/python3/dist-packages/colcon_core/task/python/colcon_distutils_commands:/home/ayush/ros2_ws/install/my_robot_controller/lib/python3.10/site-packages:${PYTHONPATH} /usr/bin/python3 -W ignore:setup.py install is deprecated -W ignore:easy_install command is deprecated setup.py develop --editable --build-directory /home/ayush/ros2_ws/build/my_robot_controller/build --no-deps symlink_data
[1.308s] running develop
[1.535s] running egg_info
[1.535s] writing my_robot_controller.egg-info/PKG-INFO
[1.537s] writing dependency_links to my_robot_controller.egg-info/dependency_links.txt
[1.539s] writing entry points to my_robot_controller.egg-info/entry_points.txt
[1.539s] writing requirements to my_robot_controller.egg-info/requires.txt
[1.539s] writing top-level names to my_robot_controller.egg-info/top_level.txt
[1.542s] reading manifest file 'my_robot_controller.egg-info/SOURCES.txt'
[1.543s] writing manifest file 'my_robot_controller.egg-info/SOURCES.txt'
[1.545s] running build_ext
[1.546s] Creating /home/ayush/ros2_ws/install/my_robot_controller/lib/python3.10/site-packages/my-robot-controller.egg-link (link to .)
[1.547s] Installing draw_circle script to /home/ayush/ros2_ws/install/my_robot_controller/lib/my_robot_controller
[1.548s] Installing pose_subscriber script to /home/ayush/ros2_ws/install/my_robot_controller/lib/my_robot_controller
[1.548s] Installing test_node script to /home/ayush/ros2_ws/install/my_robot_controller/lib/my_robot_controller
[1.549s] Installing turtle_controller script to /home/ayush/ros2_ws/install/my_robot_controller/lib/my_robot_controller
[1.549s] 
[1.550s] Installed /home/ayush/ros2_ws/build/my_robot_controller
[1.550s] running symlink_data
[1.591s] Invoked command in '/home/ayush/ros2_ws/build/my_robot_controller' returned '0': PYTHONPATH=/home/ayush/ros2_ws/build/my_robot_controller/prefix_override:/usr/lib/python3/dist-packages/colcon_core/task/python/colcon_distutils_commands:/home/ayush/ros2_ws/install/my_robot_controller/lib/python3.10/site-packages:${PYTHONPATH} /usr/bin/python3 -W ignore:setup.py install is deprecated -W ignore:easy_install command is deprecated setup.py develop --editable --build-directory /home/ayush/ros2_ws/build/my_robot_controller/build --no-deps symlink_data
