[0.351s] DEBUG:colcon:Command line arguments: ['/usr/bin/colcon', 'list', '-p', '--base-paths', '/home/ayush/ros2_ws/src/my_robot_controller/my_robot_controller', '--log-base', '/dev/null']
[0.351s] DEBUG:colcon:Parsed command line arguments: Namespace(log_base=None, log_level=None, verb_name='list', build_base='build', ignore_user_meta=False, metas=['./colcon.meta'], base_paths=['/home/ayush/ros2_ws/src/my_robot_controller/my_robot_controller', '--log-base', '/dev/null'], packages_ignore=None, packages_ignore_regex=None, paths=None, packages_up_to=None, packages_up_to_regex=None, packages_above=None, packages_above_and_dependencies=None, packages_above_depth=None, packages_select_by_dep=None, packages_skip_by_dep=None, packages_skip_up_to=None, packages_select_build_failed=False, packages_skip_build_finished=False, packages_select_test_failures=False, packages_skip_test_passed=False, packages_select=None, packages_skip=None, packages_select_regex=None, packages_skip_regex=None, packages_start=None, packages_end=None, allow_overriding=[], topological_order=False, names_only=False, paths_only=True, topological_graph=False, topological_graph_dot=False, topological_graph_density=False, topological_graph_legend=False, topological_graph_dot_cluster=False, topological_graph_dot_include_skipped=False, verb_parser=<colcon_defaults.argument_parser.defaults.DefaultArgumentsDecorator object at 0x7dc345f6c520>, verb_extension=<colcon_package_information.verb.list.ListVerb object at 0x7dc346078dc0>, main=<bound method ListVerb.main of <colcon_package_information.verb.list.ListVerb object at 0x7dc346078dc0>>)
[1.506s] Level 1:colcon.colcon_core.package_discovery:discover_packages(colcon_meta) check parameters
[1.506s] Level 1:colcon.colcon_core.package_discovery:discover_packages(recursive) check parameters
[1.506s] Level 1:colcon.colcon_core.package_discovery:discover_packages(ignore) check parameters
[1.506s] Level 1:colcon.colcon_core.package_discovery:discover_packages(path) check parameters
[1.507s] Level 1:colcon.colcon_core.package_discovery:discover_packages(recursive) discover
[1.508s] INFO:colcon.colcon_core.package_discovery:Crawling recursively for packages in '/home/ayush/ros2_ws/src/my_robot_controller/my_robot_controller', '/home/ayush/ros2_ws/src/my_robot_controller/my_robot_controller/--log-base', '/dev/null'
[1.508s] Level 1:colcon.colcon_core.package_identification:_identify(/home/ayush/ros2_ws/src/my_robot_controller/my_robot_controller) by extensions ['ignore', 'ignore_ament_install']
[1.509s] Level 1:colcon.colcon_core.package_identification:_identify(/home/ayush/ros2_ws/src/my_robot_controller/my_robot_controller) by extension 'ignore'
[1.514s] Level 1:colcon.colcon_core.package_identification:_identify(/home/ayush/ros2_ws/src/my_robot_controller/my_robot_controller) by extension 'ignore_ament_install'
[1.517s] Level 1:colcon.colcon_core.package_identification:_identify(/home/ayush/ros2_ws/src/my_robot_controller/my_robot_controller) by extensions ['colcon_pkg']
[1.517s] Level 1:colcon.colcon_core.package_identification:_identify(/home/ayush/ros2_ws/src/my_robot_controller/my_robot_controller) by extension 'colcon_pkg'
[1.517s] Level 1:colcon.colcon_core.package_identification:_identify(/home/ayush/ros2_ws/src/my_robot_controller/my_robot_controller) by extensions ['colcon_meta']
[1.517s] Level 1:colcon.colcon_core.package_identification:_identify(/home/ayush/ros2_ws/src/my_robot_controller/my_robot_controller) by extension 'colcon_meta'
[1.517s] Level 1:colcon.colcon_core.package_identification:_identify(/home/ayush/ros2_ws/src/my_robot_controller/my_robot_controller) by extensions ['ros']
[1.517s] Level 1:colcon.colcon_core.package_identification:_identify(/home/ayush/ros2_ws/src/my_robot_controller/my_robot_controller) by extension 'ros'
[1.569s] Level 1:colcon.colcon_core.package_identification:_identify(/home/ayush/ros2_ws/src/my_robot_controller/my_robot_controller) by extensions ['cmake', 'python']
[1.569s] Level 1:colcon.colcon_core.package_identification:_identify(/home/ayush/ros2_ws/src/my_robot_controller/my_robot_controller) by extension 'cmake'
[1.569s] Level 1:colcon.colcon_core.package_identification:_identify(/home/ayush/ros2_ws/src/my_robot_controller/my_robot_controller) by extension 'python'
[1.569s] Level 1:colcon.colcon_core.package_identification:_identify(/home/ayush/ros2_ws/src/my_robot_controller/my_robot_controller) by extensions ['python_setup_py']
[1.569s] Level 1:colcon.colcon_core.package_identification:_identify(/home/ayush/ros2_ws/src/my_robot_controller/my_robot_controller) by extension 'python_setup_py'
[1.570s] Level 1:colcon.colcon_core.package_identification:_identify(/home/ayush/ros2_ws/src/my_robot_controller/my_robot_controller/log) by extensions ['ignore', 'ignore_ament_install']
[1.570s] Level 1:colcon.colcon_core.package_identification:_identify(/home/ayush/ros2_ws/src/my_robot_controller/my_robot_controller/log) by extension 'ignore'
[1.570s] Level 1:colcon.colcon_core.package_identification:_identify(/home/ayush/ros2_ws/src/my_robot_controller/my_robot_controller/log) ignored
[1.570s] Level 1:colcon.colcon_core.package_discovery:discover_packages(recursive) using defaults
